<?xml version="1.0" encoding="UTF-8"?>
<!-- Generated by org.testng.reporters.JUnitReportReporter -->
<testsuite skipped="0" hostname="DESKTOP-1D1H5F9" name="com.qa.hubspot.tests.LoginTest" tests="3" failures="0" timestamp="31 Jan 2020 12:37:17 GMT" time="45.445" errors="0">
  <testcase name="verifyLoginPageTitle" time="14.017" classname="com.qa.hubspot.tests.LoginTest"/>
  <testcase name="verfiySignUpLinkText" time="13.576" classname="com.qa.hubspot.tests.LoginTest"/>
  <testcase name="verifyDoLogin" time="17.852" classname="com.qa.hubspot.tests.LoginTest"/>
</testsuite> <!-- com.qa.hubspot.tests.LoginTest -->
