<?xml version="1.0" encoding="UTF-8"?>
<!-- Generated by org.testng.reporters.JUnitReportReporter -->
<testsuite skipped="0" hostname="DESKTOP-1D1H5F9" name="com.qa.hubspot.tests.ContactsTest" tests="5" failures="0" timestamp="20 May 2020 17:27:40 GMT" time="261.153" errors="0">
  <testcase name="createContactsTest" time="51.189" classname="com.qa.hubspot.tests.ContactsTest"/>
  <testcase name="createContactsTest" time="49.049" classname="com.qa.hubspot.tests.ContactsTest"/>
  <testcase name="createContactsTest" time="49.940" classname="com.qa.hubspot.tests.ContactsTest"/>
  <testcase name="createContactsTest" time="49.946" classname="com.qa.hubspot.tests.ContactsTest"/>
  <testcase name="deleteContactsTest" time="61.029" classname="com.qa.hubspot.tests.ContactsTest"/>
</testsuite> <!-- com.qa.hubspot.tests.ContactsTest -->
