<?xml version="1.0" encoding="UTF-8"?>
<!-- Generated by org.testng.reporters.JUnitReportReporter -->
<testsuite skipped="1" hostname="DESKTOP-1D1H5F9" name="com.qa.hubspot.tests.ContactsTest" tests="5" failures="0" timestamp="25 May 2020 06:57:32 GMT" time="194.170" errors="0">
  <testcase name="createContactsTest" time="50.372" classname="com.qa.hubspot.tests.ContactsTest"/>
  <testcase name="createContactsTest" time="48.467" classname="com.qa.hubspot.tests.ContactsTest"/>
  <testcase name="createContactsTest" time="47.503" classname="com.qa.hubspot.tests.ContactsTest"/>
  <testcase name="createContactsTest" time="47.828" classname="com.qa.hubspot.tests.ContactsTest"/>
  <testcase name="deleteContactsTest" classname="com.qa.hubspot.tests.ContactsTest">
    <skipped/>
  </testcase> <!-- deleteContactsTest -->
</testsuite> <!-- com.qa.hubspot.tests.ContactsTest -->
