<?xml version="1.0" encoding="UTF-8"?>
<!-- Generated by org.testng.reporters.JUnitReportReporter -->
<testsuite skipped="0" hostname="DESKTOP-1D1H5F9" name="com.qa.hubspot.tests.LoginTest" tests="3" failures="0" timestamp="12 May 2020 18:23:21 GMT" time="43.853" errors="0">
  <testcase name="verifyLoginPageTitle" time="14.128" classname="com.qa.hubspot.tests.LoginTest"/>
  <testcase name="verfiySignUpLinkText" time="14.620" classname="com.qa.hubspot.tests.LoginTest"/>
  <testcase name="verifyDoLogin" time="15.105" classname="com.qa.hubspot.tests.LoginTest"/>
</testsuite> <!-- com.qa.hubspot.tests.LoginTest -->
